{
  "stats": {
    "suites": 1,
    "tests": 10,
    "passes": 10,
    "pending": 0,
    "failures": 0,
    "start": "2023-06-22T16:11:48.109Z",
    "end": "2023-06-22T16:12:49.088Z",
    "duration": 60979,
    "testsRegistered": 10,
    "passPercent": 100,
    "pendingPercent": 0,
    "other": 0,
    "hasOther": false,
    "skipped": 0,
    "hasSkipped": false
  },
  "results": [
    {
      "uuid": "5b61c6c4-7418-4eac-b157-2561ccda3d0c",
      "title": "",
      "fullFile": "cypress/e2e/zaliczenie.cy.js",
      "file": "cypress/e2e/zaliczenie.cy.js",
      "beforeHooks": [],
      "afterHooks": [],
      "tests": [],
      "suites": [
        {
          "uuid": "431910fa-2e2a-4204-9fe1-0f5580789d89",
          "title": "test strony onet",
          "fullFile": "",
          "file": "",
          "beforeHooks": [],
          "afterHooks": [],
          "tests": [
            {
              "title": "zaakceptuj cookies",
              "fullTitle": "test strony onet zaakceptuj cookies",
              "timedOut": null,
              "duration": 1027,
              "state": "passed",
              "speed": "fast",
              "pass": true,
              "fail": false,
              "pending": false,
              "context": null,
              "code": "cy.get('.cmp-intro_intro').should('be.visible');\ncy.akceptujCiasteczka();\n// cy.get('@CloseCookies').click()\ncy.get('.cmp-intro_intro').should('not.be.visible');",
              "err": {},
              "uuid": "c02886ea-7589-42af-90ba-cbcc75ef1e7b",
              "parentUUID": "431910fa-2e2a-4204-9fe1-0f5580789d89",
              "isHook": false,
              "skipped": false
            },
            {
              "title": "ustawienia zaawansowane cookies - odrzucenie ciasteczek",
              "fullTitle": "test strony onet ustawienia zaawansowane cookies - odrzucenie ciasteczek",
              "timedOut": null,
              "duration": 782,
              "state": "passed",
              "speed": "fast",
              "pass": true,
              "fail": false,
              "pending": false,
              "context": null,
              "code": "cy.get('.cmp-intro_intro').should('be.visible');\ncy.odrzucCisteczka();\ncy.get('.cmp-intro_rejectAll > span').click();",
              "err": {},
              "uuid": "b9fde462-c06f-4422-8d29-1a1dc2c02306",
              "parentUUID": "431910fa-2e2a-4204-9fe1-0f5580789d89",
              "isHook": false,
              "skipped": false
            },
            {
              "title": "sprawdzenie wyświetlanych seriali w TV",
              "fullTitle": "test strony onet sprawdzenie wyświetlanych seriali w TV",
              "timedOut": null,
              "duration": 5309,
              "state": "passed",
              "speed": "medium",
              "pass": true,
              "fail": false,
              "pending": false,
              "context": null,
              "code": "// cy.get('.cmp-intro_intro').should('be.visible')\ncy.akceptujCiasteczka();\ncy.get('@programTV').click();\ncy.get('@seriale').click();\ncy.get('.catsLnk').click();\ncy.get('.cat3 > a').click();",
              "err": {},
              "uuid": "a302a14f-440b-487c-8fe0-6d6560f4caca",
              "parentUUID": "431910fa-2e2a-4204-9fe1-0f5580789d89",
              "isHook": false,
              "skipped": false
            },
            {
              "title": "sprawdź pociągi z Białegostoku do Warszawy",
              "fullTitle": "test strony onet sprawdź pociągi z Białegostoku do Warszawy",
              "timedOut": null,
              "duration": 9776,
              "state": "passed",
              "speed": "medium",
              "pass": true,
              "fail": false,
              "pending": false,
              "context": null,
              "code": "cy.get('.cmp-intro_intro').should('be.visible');\ncy.akceptujCiasteczka();\ncy.get('@jakDojade').click();\n// cy.get('.cmp-intro_intro').should('be.visible')\ncy.akceptujCiasteczka();\ncy.get('.button').click();\n// cy.get('@kliknij').click()\ncy.get('[data-cy=\"city-list-input\"]').clear().type('Białystok');\ncy.get('[data-cy=\"city-list-item-city\"]').click();\ncy.get('[data-cy=\"search-engine-intercity-button\"] > .tab-button > .tab-button__title').click();\n// cy.get('@kliknij').click()\ncy.get('.button').click();\ncy.get('[data-cy=\"planner-start-point-input\"] > .point-form-field > [data-cy=\"planner-editable-input\"] > .editable-input > .editable-input__content-container > .editable-input__content').clear().type('Białystok').wait(1000);\ncy.get('[data-cy=\"planner-search-suggestions\"] > :nth-child(1) > .container').click();\ncy.get('[data-cy=\"planner-end-point-input\"] > .point-form-field > [data-cy=\"planner-editable-input\"] > .editable-input > .editable-input__content-container > .editable-input__content').clear().type('Warszawa Centralna').wait(1000);\ncy.get('[data-cy=\"planner-search-suggestion-element\"] > .container').click();\ncy.get('[data-cy=\"planner-search-route-button\"] > .search-button').click();",
              "err": {},
              "uuid": "29493058-72b7-42af-b6d1-f83659775e14",
              "parentUUID": "431910fa-2e2a-4204-9fe1-0f5580789d89",
              "isHook": false,
              "skipped": false
            },
            {
              "title": "logowanie do poczty",
              "fullTitle": "test strony onet logowanie do poczty",
              "timedOut": null,
              "duration": 6440,
              "state": "passed",
              "speed": "medium",
              "pass": true,
              "fail": false,
              "pending": false,
              "context": null,
              "code": "cy.get('.cmp-intro_intro').should('be.visible');\ncy.akceptujCiasteczka();\ncy.get('@poczta').click();\ncy.get('#email').clear().type(this.logowanie.poprawneDane.email);\ncy.get('#password').clear().type(this.logowanie.poprawneDane.password);\ncy.get('.sc-a7eb406c-10 > .sc-ca90c2ac-0').click();\ncy.url().should('eq', 'https://poczta.onet.pl/');",
              "err": {},
              "uuid": "0f4ef918-f450-4a35-9448-39e743e0db25",
              "parentUUID": "431910fa-2e2a-4204-9fe1-0f5580789d89",
              "isHook": false,
              "skipped": false
            },
            {
              "title": "nieudane logowanie do poczty - niepoprawny adres mailowy",
              "fullTitle": "test strony onet nieudane logowanie do poczty - niepoprawny adres mailowy",
              "timedOut": null,
              "duration": 4865,
              "state": "passed",
              "speed": "fast",
              "pass": true,
              "fail": false,
              "pending": false,
              "context": null,
              "code": "cy.get('.cmp-intro_intro').should('be.visible');\ncy.akceptujCiasteczka();\ncy.get('@poczta').click();\ncy.get('#email').clear().type(this.logowanie.niepoprawnyMail.email);\ncy.get('#password').clear().type(this.logowanie.niepoprawnyMail.password);\ncy.get('.sc-a7eb406c-10 > .sc-ca90c2ac-0').click();\ncy.get('.sc-c4c71639-3').should('be.visible').contains('Nieprawidłowy email lub hasło');",
              "err": {},
              "uuid": "e8ec07e0-06da-49b3-94aa-fce04398bdc7",
              "parentUUID": "431910fa-2e2a-4204-9fe1-0f5580789d89",
              "isHook": false,
              "skipped": false
            },
            {
              "title": "nieudane logowanie do poczty - niepoprawne hasło",
              "fullTitle": "test strony onet nieudane logowanie do poczty - niepoprawne hasło",
              "timedOut": null,
              "duration": 4779,
              "state": "passed",
              "speed": "fast",
              "pass": true,
              "fail": false,
              "pending": false,
              "context": null,
              "code": "cy.get('.cmp-intro_intro').should('be.visible');\ncy.akceptujCiasteczka();\ncy.get('@poczta').click();\ncy.get('#email').clear().type(this.logowanie.niepoprawneHaslo.email);\ncy.get('#password').clear().type(this.logowanie.niepoprawneHaslo.password);\ncy.get('.sc-a7eb406c-10 > .sc-ca90c2ac-0').click();\ncy.get('.sc-c4c71639-3').should('be.visible').contains('Nieprawidłowy email lub hasło');",
              "err": {},
              "uuid": "91d6f20c-8192-4589-a0d7-0cdb4faf569f",
              "parentUUID": "431910fa-2e2a-4204-9fe1-0f5580789d89",
              "isHook": false,
              "skipped": false
            },
            {
              "title": "sprawdzenie pogody w Białymstoku",
              "fullTitle": "test strony onet sprawdzenie pogody w Białymstoku",
              "timedOut": null,
              "duration": 8774,
              "state": "passed",
              "speed": "medium",
              "pass": true,
              "fail": false,
              "pending": false,
              "context": null,
              "code": "cy.get('.cmp-intro_intro').should('be.visible');\ncy.akceptujCiasteczka();\ncy.get('.Weather_weatherInfo__hwdBM').click().wait(1000);\ncy.get('#locationSearch').clear().type('Białystok').wait(1000);\ncy.get('#autocomplete-suggestions > [tabindex=\"0\"]').click().wait(1000);",
              "err": {},
              "uuid": "807abbc7-6af2-42b8-97ad-dae33851acf1",
              "parentUUID": "431910fa-2e2a-4204-9fe1-0f5580789d89",
              "isHook": false,
              "skipped": false
            },
            {
              "title": "wyszukiwanie najnowszego ogłoszenia mieszkania",
              "fullTitle": "test strony onet wyszukiwanie najnowszego ogłoszenia mieszkania",
              "timedOut": null,
              "duration": 13369,
              "state": "passed",
              "speed": "slow",
              "pass": true,
              "fail": false,
              "pending": false,
              "context": null,
              "code": "cy.get('.cmp-intro_intro').should('be.visible');\ncy.akceptujCiasteczka();\ncy.get(':nth-child(9) > .Menu_navMenuLink__Qde0X > .Menu_moreArrow__VYHyj').click().wait(3000);\ncy.akceptujCiasteczka();\ncy.get('.transaction-dropdown > .dropdown > .dropdown__button > .dropdown__icon').click();\ncy.get('.button-list > :nth-child(2)').click().wait;\ncy.get('[data-test=\"text-field-with-chips\"]').clear().type('Białystok').wait(1000);\ncy.get(':nth-child(1) > [data-test=\"suggestion-list-item\"] > .suggestion-item__text').click();\ncy.get('.more-filters > .dropdown > .dropdown__button > .dropdown__title').click();\ncy.get('.number-of-rooms > .checkbox__group > .checkbox__group-inner > :nth-child(1) > .checkbox > .checkbox__custom > span').click();\ncy.get('.number-of-rooms > .checkbox__group > .checkbox__group-inner > :nth-child(2) > .checkbox > .checkbox__custom > span').click();\ncy.get(':nth-child(11) > .checkbox__group-inner > :nth-child(1) > .checkbox > .checkbox__custom > span').click();\ncy.get('.more-filters__search-button > .button > .button__content').click().wait(1000);\ncy.get('.sort-button__wrapper').click();\ncy.get('.sort-button__wrapper').should('be.visible');\ncy.get(':nth-child(1) > .sort-group__list > :nth-child(1) > [data-test=\"sort-button\"] > .sort-group__button-inner > .sort-group__button-title').click();\ncy.get(':nth-child(3) > .offer__outer').click();",
              "err": {},
              "uuid": "45f6feae-a963-4cde-8787-8e73c77414c4",
              "parentUUID": "431910fa-2e2a-4204-9fe1-0f5580789d89",
              "isHook": false,
              "skipped": false
            },
            {
              "title": "wyszukanie gry",
              "fullTitle": "test strony onet wyszukanie gry",
              "timedOut": null,
              "duration": 4894,
              "state": "passed",
              "speed": "fast",
              "pass": true,
              "fail": false,
              "pending": false,
              "context": null,
              "code": "// cy.get('.cmp-intro_intro').should('be.visible')\ncy.akceptujCiasteczka();\ncy.get('@gry').click();\ncy.get('.search__input').clear().type('mahjong').type('{enter}');\ncy.get('.list > :nth-child(8) > .tile > .js-gtm-click > .tile__wrapper').click();",
              "err": {},
              "uuid": "03b2a1ea-6182-4a0f-9497-04226bbf1c69",
              "parentUUID": "431910fa-2e2a-4204-9fe1-0f5580789d89",
              "isHook": false,
              "skipped": false
            }
          ],
          "suites": [],
          "passes": [
            "c02886ea-7589-42af-90ba-cbcc75ef1e7b",
            "b9fde462-c06f-4422-8d29-1a1dc2c02306",
            "a302a14f-440b-487c-8fe0-6d6560f4caca",
            "29493058-72b7-42af-b6d1-f83659775e14",
            "0f4ef918-f450-4a35-9448-39e743e0db25",
            "e8ec07e0-06da-49b3-94aa-fce04398bdc7",
            "91d6f20c-8192-4589-a0d7-0cdb4faf569f",
            "807abbc7-6af2-42b8-97ad-dae33851acf1",
            "45f6feae-a963-4cde-8787-8e73c77414c4",
            "03b2a1ea-6182-4a0f-9497-04226bbf1c69"
          ],
          "failures": [],
          "pending": [],
          "skipped": [],
          "duration": 60015,
          "root": false,
          "rootEmpty": false,
          "_timeout": 2000
        }
      ],
      "passes": [],
      "failures": [],
      "pending": [],
      "skipped": [],
      "duration": 0,
      "root": true,
      "rootEmpty": true,
      "_timeout": 2000
    }
  ],
  "meta": {
    "mocha": {
      "version": "7.0.1"
    },
    "mochawesome": {
      "options": {
        "quiet": false,
        "reportFilename": "mochawesome",
        "saveHtml": true,
        "saveJson": true,
        "consoleReporter": "spec",
        "useInlineDiffs": false,
        "code": true
      },
      "version": "7.1.3"
    },
    "marge": {
      "options": {
        "reporterFilename": "[name]-report",
        "owerwrite": true,
        "html": true,
        "json": true
      },
      "version": "6.2.0"
    }
  }
}