{
  "stats": {
    "suites": 1,
    "tests": 10,
    "passes": 10,
    "pending": 0,
    "failures": 0,
    "start": "2023-06-22T14:29:45.137Z",
    "end": "2023-06-22T14:30:46.682Z",
    "duration": 61545,
    "testsRegistered": 10,
    "passPercent": 100,
    "pendingPercent": 0,
    "other": 0,
    "hasOther": false,
    "skipped": 0,
    "hasSkipped": false
  },
  "results": [
    {
      "uuid": "081741ee-5ad9-483d-b013-c990e0ca6f16",
      "title": "",
      "fullFile": "cypress/e2e/zaliczenie.cy.js",
      "file": "cypress/e2e/zaliczenie.cy.js",
      "beforeHooks": [],
      "afterHooks": [],
      "tests": [],
      "suites": [
        {
          "uuid": "87edba39-eb99-4703-8ea7-33cdedd76c8f",
          "title": "test strony onet",
          "fullFile": "",
          "file": "",
          "beforeHooks": [],
          "afterHooks": [],
          "tests": [
            {
              "title": "zaakceptuj cookies",
              "fullTitle": "test strony onet zaakceptuj cookies",
              "timedOut": null,
              "duration": 1092,
              "state": "passed",
              "speed": "fast",
              "pass": true,
              "fail": false,
              "pending": false,
              "context": null,
              "code": "cy.get('.cmp-intro_intro').should('be.visible');\ncy.akceptujCiasteczka();\n// cy.get('@CloseCookies').click()\ncy.get('.cmp-intro_intro').should('not.be.visible');",
              "err": {},
              "uuid": "9cd12ae6-af16-4ee6-88a1-db19a7624b12",
              "parentUUID": "87edba39-eb99-4703-8ea7-33cdedd76c8f",
              "isHook": false,
              "skipped": false
            },
            {
              "title": "ustawienia zaawansowane cookies - odrzucenie ciasteczek",
              "fullTitle": "test strony onet ustawienia zaawansowane cookies - odrzucenie ciasteczek",
              "timedOut": null,
              "duration": 848,
              "state": "passed",
              "speed": "fast",
              "pass": true,
              "fail": false,
              "pending": false,
              "context": null,
              "code": "cy.get('.cmp-intro_intro').should('be.visible');\ncy.odrzucCisteczka();\ncy.get('.cmp-intro_rejectAll > span').click();",
              "err": {},
              "uuid": "1d3230a0-f258-424e-a042-798e3b07b73a",
              "parentUUID": "87edba39-eb99-4703-8ea7-33cdedd76c8f",
              "isHook": false,
              "skipped": false
            },
            {
              "title": "sprawdzenie wyświetlanych seriali w TV",
              "fullTitle": "test strony onet sprawdzenie wyświetlanych seriali w TV",
              "timedOut": null,
              "duration": 6016,
              "state": "passed",
              "speed": "medium",
              "pass": true,
              "fail": false,
              "pending": false,
              "context": null,
              "code": "// cy.get('.cmp-intro_intro').should('be.visible')\ncy.akceptujCiasteczka();\ncy.get('@programTV').click();\ncy.get('@seriale').click();\ncy.get('.catsLnk').click();\ncy.get('.cat3 > a').click();",
              "err": {},
              "uuid": "dcea0ab4-dbd7-44ed-bad1-995f37ee378e",
              "parentUUID": "87edba39-eb99-4703-8ea7-33cdedd76c8f",
              "isHook": false,
              "skipped": false
            },
            {
              "title": "sprawdź pociągi z Białegostoku do Warszawy",
              "fullTitle": "test strony onet sprawdź pociągi z Białegostoku do Warszawy",
              "timedOut": null,
              "duration": 9585,
              "state": "passed",
              "speed": "medium",
              "pass": true,
              "fail": false,
              "pending": false,
              "context": null,
              "code": "cy.get('.cmp-intro_intro').should('be.visible');\ncy.akceptujCiasteczka();\ncy.get('@jakDojade').click();\n// cy.get('.cmp-intro_intro').should('be.visible')\ncy.akceptujCiasteczka();\ncy.get('.button').click();\n// cy.get('@kliknij').click()\ncy.get('[data-cy=\"city-list-input\"]').clear().type('Białystok');\ncy.get('[data-cy=\"city-list-item-city\"]').click();\ncy.get('[data-cy=\"search-engine-intercity-button\"] > .tab-button > .tab-button__title').click();\n// cy.get('@kliknij').click()\ncy.get('.button').click();\ncy.get('[data-cy=\"planner-start-point-input\"] > .point-form-field > [data-cy=\"planner-editable-input\"] > .editable-input > .editable-input__content-container > .editable-input__content').clear().type('Białystok').wait(1000);\ncy.get('[data-cy=\"planner-search-suggestions\"] > :nth-child(1) > .container').click();\ncy.get('[data-cy=\"planner-end-point-input\"] > .point-form-field > [data-cy=\"planner-editable-input\"] > .editable-input > .editable-input__content-container > .editable-input__content').clear().type('Warszawa Centralna').wait(1000);\ncy.get('[data-cy=\"planner-search-suggestion-element\"] > .container').click();\ncy.get('[data-cy=\"planner-search-route-button\"] > .search-button').click();",
              "err": {},
              "uuid": "aff22c91-3790-423a-bf51-ef62f6cff157",
              "parentUUID": "87edba39-eb99-4703-8ea7-33cdedd76c8f",
              "isHook": false,
              "skipped": false
            },
            {
              "title": "logowanie do poczty",
              "fullTitle": "test strony onet logowanie do poczty",
              "timedOut": null,
              "duration": 8131,
              "state": "passed",
              "speed": "medium",
              "pass": true,
              "fail": false,
              "pending": false,
              "context": null,
              "code": "cy.get('.cmp-intro_intro').should('be.visible');\ncy.akceptujCiasteczka();\ncy.get('@poczta').click();\ncy.get('#email').clear().type(this.logowanie.poprawneDane.email);\ncy.get('#password').clear().type(this.logowanie.poprawneDane.password);\ncy.get('.sc-a7eb406c-10 > .sc-ca90c2ac-0').click();\ncy.url().should('eq', 'https://poczta.onet.pl/');",
              "err": {},
              "uuid": "d489589f-3d30-4248-916f-203a32716a13",
              "parentUUID": "87edba39-eb99-4703-8ea7-33cdedd76c8f",
              "isHook": false,
              "skipped": false
            },
            {
              "title": "nieudane logowanie do poczty - niepoprawny adres mailowy",
              "fullTitle": "test strony onet nieudane logowanie do poczty - niepoprawny adres mailowy",
              "timedOut": null,
              "duration": 5893,
              "state": "passed",
              "speed": "medium",
              "pass": true,
              "fail": false,
              "pending": false,
              "context": null,
              "code": "cy.get('.cmp-intro_intro').should('be.visible');\ncy.akceptujCiasteczka();\ncy.get('@poczta').click();\ncy.get('#email').clear().type(this.logowanie.niepoprawnyMail.email);\ncy.get('#password').clear().type(this.logowanie.niepoprawnyMail.password);\ncy.get('.sc-a7eb406c-10 > .sc-ca90c2ac-0').click();\ncy.get('.sc-c4c71639-3').should('be.visible').contains('Nieprawidłowy email lub hasło');",
              "err": {},
              "uuid": "f744c328-a948-40eb-931f-d7596186aacc",
              "parentUUID": "87edba39-eb99-4703-8ea7-33cdedd76c8f",
              "isHook": false,
              "skipped": false
            },
            {
              "title": "nieudane logowanie do poczty - niepoprawne hasło",
              "fullTitle": "test strony onet nieudane logowanie do poczty - niepoprawne hasło",
              "timedOut": null,
              "duration": 3138,
              "state": "passed",
              "speed": "fast",
              "pass": true,
              "fail": false,
              "pending": false,
              "context": null,
              "code": "cy.get('.cmp-intro_intro').should('be.visible');\ncy.akceptujCiasteczka();\ncy.get('@poczta').click();\ncy.get('#email').clear().type(this.logowanie.niepoprawneHaslo.email);\ncy.get('#password').clear().type(this.logowanie.niepoprawneHaslo.password);\ncy.get('.sc-a7eb406c-10 > .sc-ca90c2ac-0').click();\ncy.get('.sc-c4c71639-3').should('be.visible').contains('Nieprawidłowy email lub hasło');",
              "err": {},
              "uuid": "2e73e944-f671-4afa-a47f-b141f5e74ffa",
              "parentUUID": "87edba39-eb99-4703-8ea7-33cdedd76c8f",
              "isHook": false,
              "skipped": false
            },
            {
              "title": "sprawdzenie pogody w Białymstoku",
              "fullTitle": "test strony onet sprawdzenie pogody w Białymstoku",
              "timedOut": null,
              "duration": 7764,
              "state": "passed",
              "speed": "medium",
              "pass": true,
              "fail": false,
              "pending": false,
              "context": null,
              "code": "cy.get('.cmp-intro_intro').should('be.visible');\ncy.akceptujCiasteczka();\ncy.get('.Weather_weatherInfo__hwdBM').click().wait(1000);\ncy.get('#locationSearch').clear().type('Białystok').wait(1000);\ncy.get('#autocomplete-suggestions > [tabindex=\"0\"]').click().wait(1000);",
              "err": {},
              "uuid": "41c7475f-69c4-496a-8912-eb06863209c8",
              "parentUUID": "87edba39-eb99-4703-8ea7-33cdedd76c8f",
              "isHook": false,
              "skipped": false
            },
            {
              "title": "wyszukiwanie najnowszego ogłoszenia mieszkania",
              "fullTitle": "test strony onet wyszukiwanie najnowszego ogłoszenia mieszkania",
              "timedOut": null,
              "duration": 13096,
              "state": "passed",
              "speed": "slow",
              "pass": true,
              "fail": false,
              "pending": false,
              "context": null,
              "code": "cy.get('.cmp-intro_intro').should('be.visible');\ncy.akceptujCiasteczka();\ncy.get(':nth-child(9) > .Menu_navMenuLink__Qde0X > .Menu_moreArrow__VYHyj').click().wait(3000);\ncy.akceptujCiasteczka();\ncy.get('.transaction-dropdown > .dropdown > .dropdown__button > .dropdown__icon').click();\ncy.get('.button-list > :nth-child(2)').click().wait;\ncy.get('[data-test=\"text-field-with-chips\"]').clear().type('Białystok').wait(1000);\ncy.get(':nth-child(1) > [data-test=\"suggestion-list-item\"] > .suggestion-item__text').click();\ncy.get('.more-filters > .dropdown > .dropdown__button > .dropdown__title').click();\ncy.get('.number-of-rooms > .checkbox__group > .checkbox__group-inner > :nth-child(1) > .checkbox > .checkbox__custom > span').click();\ncy.get('.number-of-rooms > .checkbox__group > .checkbox__group-inner > :nth-child(2) > .checkbox > .checkbox__custom > span').click();\ncy.get(':nth-child(11) > .checkbox__group-inner > :nth-child(1) > .checkbox > .checkbox__custom > span').click();\ncy.get('.more-filters__search-button > .button > .button__content').click().wait(1000);\ncy.get('.sort-button__wrapper').click();\ncy.get('.sort-button__wrapper').should('be.visible');\ncy.get(':nth-child(1) > .sort-group__list > :nth-child(1) > [data-test=\"sort-button\"] > .sort-group__button-inner > .sort-group__button-title').click();\ncy.get(':nth-child(3) > .offer__outer').click();",
              "err": {},
              "uuid": "81b36e0a-a675-4c86-8bea-f04ce659eda5",
              "parentUUID": "87edba39-eb99-4703-8ea7-33cdedd76c8f",
              "isHook": false,
              "skipped": false
            },
            {
              "title": "wyszukanie gry",
              "fullTitle": "test strony onet wyszukanie gry",
              "timedOut": null,
              "duration": 4928,
              "state": "passed",
              "speed": "fast",
              "pass": true,
              "fail": false,
              "pending": false,
              "context": null,
              "code": "// cy.get('.cmp-intro_intro').should('be.visible')\ncy.akceptujCiasteczka();\ncy.get('@gry').click();\ncy.get('.search__input').clear().type('mahjong').type('{enter}');\ncy.get('.list > :nth-child(8) > .tile > .js-gtm-click > .tile__wrapper').click();",
              "err": {},
              "uuid": "2ba3d7b6-522c-4dfe-9555-875d41acea78",
              "parentUUID": "87edba39-eb99-4703-8ea7-33cdedd76c8f",
              "isHook": false,
              "skipped": false
            }
          ],
          "suites": [],
          "passes": [
            "9cd12ae6-af16-4ee6-88a1-db19a7624b12",
            "1d3230a0-f258-424e-a042-798e3b07b73a",
            "dcea0ab4-dbd7-44ed-bad1-995f37ee378e",
            "aff22c91-3790-423a-bf51-ef62f6cff157",
            "d489589f-3d30-4248-916f-203a32716a13",
            "f744c328-a948-40eb-931f-d7596186aacc",
            "2e73e944-f671-4afa-a47f-b141f5e74ffa",
            "41c7475f-69c4-496a-8912-eb06863209c8",
            "81b36e0a-a675-4c86-8bea-f04ce659eda5",
            "2ba3d7b6-522c-4dfe-9555-875d41acea78"
          ],
          "failures": [],
          "pending": [],
          "skipped": [],
          "duration": 60491,
          "root": false,
          "rootEmpty": false,
          "_timeout": 2000
        }
      ],
      "passes": [],
      "failures": [],
      "pending": [],
      "skipped": [],
      "duration": 0,
      "root": true,
      "rootEmpty": true,
      "_timeout": 2000
    }
  ],
  "meta": {
    "mocha": {
      "version": "7.0.1"
    },
    "mochawesome": {
      "options": {
        "quiet": false,
        "reportFilename": "mochawesome",
        "saveHtml": true,
        "saveJson": true,
        "consoleReporter": "spec",
        "useInlineDiffs": false,
        "code": true
      },
      "version": "7.1.3"
    },
    "marge": {
      "options": {
        "reporterFilename": "[name]-report",
        "owerwrite": true,
        "html": true,
        "json": true
      },
      "version": "6.2.0"
    }
  }
}